===========================================================================

ver 0.4.0

===========================================================================

[2022-01-08]
    - [P-]: 上传本项目

[2022-01-12]
    - [P3]: 所有的 create_table 方法都不稳定, 待修复。
    - [P2]: 所有的 find_* 方法都无法指定字段查询, 待添加。       // 已添加
    - [P1]: 暂时没有 update 方法, 待添加。                    // 已添加

[2022-01-31]
    - [P3]: 添加了 show_table_size 方法
    - [P3]: 添加了 update_insert_by_id 方法

[2022-02-09]
    - [P2]: limit 方法错误切割结果集。                        // 已修复
    - [P2]: update_by_id 方法可能会导致关键字冲突              // 已修复

[2022-02-11]
    - [P0]: 重构代码, 修改结构与部分逻辑

[2022-02-12]
    - [P3]: 重新实现了 create_table 方法
    - [P3]: 添加了 migration_table 方法
    - [P4]: 使 batch_insert 方法支持ResultSet类型
    - [P3]: 添加了 show_table_primary_field 方法
    - [P3]: 添加了 update_insert 方法
    - [P-]: 提交最新版本到Pypi, ver 0.4.0

[2022-02-14]
    - [P4]: 更新README文档

[2022-02-22]
    - [P2]: 创建PlanExecutor, 简单实现timer
    - [P3]: 添加了 after_exec 装饰器
    - [P3]: 添加了 after_exit 装饰器
    - [P3]: 添加了 timer_exec 装饰器
    - [P3]: 添加了 plan_exec 装饰器
    - [P-]: 提交最新版本到Pypi, ver 0.4.1

===========================================================================